c[?7l[2J[0mSeaBIOS (version 1.13.0-1ubuntu1.1)


iPXE (http://ipxe.org) 00:03.0 CA00 PCI2.10 PnP PMM+07F8CA10+07ECCA10 CA00
Press Ctrl-B to configure iPXE (PCI 00:03.0)...                                                                               


Booting from Hard Disk..(THU.CST) os is loading ...

Special kernel symbols:
  entry  0xc0100036 (phys)
  etext  0xc01095e3 (phys)
  edata  0xc0127000 (phys)
  end    0xc0128108 (phys)
Kernel executable memory footprint: 161KB
ebp:0xc0123f38 eip:0xc0100b03 args:0x00010094 0x00010094 0xc0123f68 0xc01000db 
    kern/debug/kdebug.c:308: print_stackframe+25
ebp:0xc0123f48 eip:0xc0100e03 args:0x00000000 0x00000000 0x00000000 0xc0123fb8 
    kern/debug/kmonitor.c:129: mon_backtrace+14
ebp:0xc0123f68 eip:0xc01000db args:0x00000000 0xc0123f90 0xffff0000 0xc0123f94 
    kern/init/init.c:57: grade_backtrace2+37
ebp:0xc0123f88 eip:0xc0100109 args:0x00000000 0xffff0000 0xc0123fb4 0x0000002a 
    kern/init/init.c:62: grade_backtrace1+42
ebp:0xc0123fa8 eip:0xc010012c args:0x00000000 0xc0100036 0xffff0000 0x0000001d 
    kern/init/init.c:67: grade_backtrace0+27
ebp:0xc0123fc8 eip:0xc0100156 args:0xc010961c 0xc0109600 0x00001108 0x00000000 
    kern/init/init.c:72: grade_backtrace+38
ebp:0xc0123ff8 eip:0xc010008b args:0xc01097fc 0xc0109804 0xc0100d7f 0xc0109823 
    kern/init/init.c:32: kern_init+84
memory management: default_pmm_manager
e820map:
  memory: 0009fc00, [00000000, 0009fbff], type = 1.
  memory: 00000400, [0009fc00, 0009ffff], type = 2.
  memory: 00010000, [000f0000, 000fffff], type = 2.
  memory: 07ee0000, [00100000, 07fdffff], type = 1.
  memory: 00020000, [07fe0000, 07ffffff], type = 2.
  memory: 00040000, [fffc0000, ffffffff], type = 2.
check_alloc_page() succeeded!
check_pgdir() succeeded!
check_boot_pgdir() succeeded!
-------------------- BEGIN --------------------
PDE(0e0) c0000000-f8000000 38000000 urw
  |-- PTE(38000) c0000000-f8000000 38000000 -rw
PDE(001) fac00000-fb000000 00400000 -rw
  |-- PTE(000e0) faf00000-fafe0000 000e0000 urw
  |-- PTE(00001) fafeb000-fafec000 00001000 -rw
--------------------- END ---------------------
check_vma_struct() succeeded!
page fault at 0x00000100: K/W [no page found].
check_pgfault() succeeded!
check_vmm() succeeded.
ide 0:      10000(sectors), 'QEMU HARDDISK'.
ide 1:     262144(sectors), 'QEMU HARDDISK'.
SWAP: manager = clock swap manager
BEGIN check_swap: count 31960, total 31960
setup Page Table for vaddr 0X1000, so alloc a page
setup Page Table vaddr 0~4MB OVER!
set up init env for check_swap begin!
page fault at 0x00001000: K/W [no page found].
page fault at 0x00002000: K/W [no page found].
page fault at 0x00003000: K/W [no page found].
page fault at 0x00004000: K/W [no page found].
set up init env for check_swap over!
write Virt Page 0x00001000 in clock_check_swap
write Virt Page 0x00002000 in clock_check_swap
write Virt Page 0x00003000 in clock_check_swap
write Virt Page 0x00004000 in clock_check_swap
write Virt Page 0x00005000 in clock_check_swap
page fault at 0x00005000: K/W [no page found].
current page in vaddr 0x00004000 
swap_out page in vaddr 0x00003000 PTE_A:1 PTE_D:1 
swap_out: i 0, store page in vaddr 0x3000 to disk swap entry 4
write Virt Page 0x00004000 in clock_check_swap
write Virt Page 0x00003000 in clock_check_swap
page fault at 0x00003000: K/W [no page found].
current page in vaddr 0x00005000 
swap_out page in vaddr 0x00004000 PTE_A:1 PTE_D:1 
swap_out: i 0, store page in vaddr 0x4000 to disk swap entry 5
swap_in: load disk swap entry 4 with swap_page in vadr 0x3000
count is 7, total is 7
check_swap() succeeded!
++ setup timer interrupts
100 ticks
End of Test.
kernel panic at kern/trap/trap.c:20:
    EOT: kernel seems ok.
stack trackback:
ebp:0xc0123ee0 eip:0xc0100b03 args:0xc01096c8 0xc0123f24 0x00000014 0xc0123f5c 
    kern/debug/kdebug.c:308: print_stackframe+25
ebp:0xc0123f10 eip:0xc01004ac args:0xc0109a8e 0x00000014 0xc0109a78 0x00000007 
    kern/debug/panic.c:27: __panic+107
ebp:0xc0123f30 eip:0xc0102257 args:0xc0123f68 0xc01002cf 0xc0100278 0xc0123f5c 
    kern/trap/trap.c:0: print_ticks+69
ebp:0xc0123f60 eip:0xc01028a0 args:0xc0123f8c 0xc01002f6 0xc0109a06 0xc0123fa4 
    kern/trap/trap.c:199: trap_dispatch+183
ebp:0xc0123f80 eip:0xc01029db args:0xc0123f8c 0x0000807c 0x00010094 0xc0123ff8 
    kern/trap/trap.c:243: trap+20
ebp:0xc0123ff8 eip:0xc0103466 args:0xc01097fc 0xc0109804 0xc0100d7f 0xc0109823 
    kern/trap/trapentry.S:24: <unknown>+0
Welcome to the kernel debug monitor!!
Type 'help' for a list of commands.
K> 